(1502934404.133736) vcan0 284#F8329C4EAC58686A
(1502934404.143939) vcan0 284#6422DE2F5DE38273
(1502934404.154176) vcan0 284#C770E2178674460A
(1502934404.164439) vcan0 284#4C099C6F1F18C021
(1502934404.174618) vcan0 284#FEE51F6B66963C05
(1502934404.184809) vcan0 284#6E6DF5611BDEA03C
(1502934404.194925) vcan0 284#7135C034FC120E53
(1502934404.205117) vcan0 284#DFF7C90F06465506
(1502934404.215318) vcan0 284#D61A020B62BB317F
(1502934404.225434) vcan0 284#D457FD6CCDF4487F
(1502934404.235560) vcan0 284#D5C1826689B28332
(1502934404.245756) vcan0 284#36D63332DEAA6861
(1502934404.255910) vcan0 284#4F986733945E6912
(1502934404.266094) vcan0 284#A6390856A9580C74
(1502934404.276305) vcan0 284#696EED6B52BC9174
(1502934404.286428) vcan0 284#9DF2611D62A1893A
(1502934404.296587) vcan0 284#FE14FA5E0115404D
(1502934404.306822) vcan0 284#BF840C2EC685DC76
(1502934404.316953) vcan0 284#878986570C8EA81D
(1502934404.327073) vcan0 284#E59D9C18866FA642
(1502934404.337272) vcan0 284#7224E522540B927A
(1502934404.347439) vcan0 284#A14D477FE359A557
(1502934404.357588) vcan0 284#501EA04D8145110F
(1502934404.367775) vcan0 284#EA9FFA5D2639A258
(1502934404.377910) vcan0 284#E300430EBEF7F74A
(1502934404.388069) vcan0 284#F32DEB57B9C2C574
(1502934404.398284) vcan0 284#47AA7B7D2A041F0A
(1502934404.408471) vcan0 284#976D2E569742E330
