(1502935095.387294) vcan0 284#F6E8052F0974E268
(1502935095.397714) vcan0 284#475D0C6D7734086F
(1502935095.408208) vcan0 284#BE3D2447BABBD87A
(1502935095.418585) vcan0 284#9383B8725C62204E
(1502935095.428943) vcan0 284#E34BF23889AB290F
(1502935095.439298) vcan0 284#8B83C70EEF16DA4B
(1502935095.449705) vcan0 284#2247E83FAA8D5528
(1502935095.460009) vcan0 284#4A5B4D2CFCFEB928
(1502935095.470212) vcan0 284#7BA2A350CEDE1534
(1502935095.480432) vcan0 284#5A3EFC3FECF33C29
(1502935095.490652) vcan0 284#82570E04AD29C706
(1502935095.500844) vcan0 284#F245A4364147C418
(1502935095.510963) vcan0 284#99710646FAF2951A
(1502935095.521162) vcan0 284#69FDE4544F388029
(1502935095.531310) vcan0 284#DCCDE1176F1F092E
(1502935095.541415) vcan0 284#6D17C56FD2B6E746
(1502935095.551614) vcan0 284#7993EB16B474D15C
(1502935095.561763) vcan0 284#49EBEF3537D10F5E
(1502935095.571872) vcan0 284#6E30AA57DD6EA828
(1502935095.582071) vcan0 284#9333302C517C9C10
(1502935095.592300) vcan0 284#661AD2371FB7F73A
(1502935095.602463) vcan0 284#4093765C8861BA77
(1502935095.612674) vcan0 284#C9444D638BEEC308
(1502935095.622851) vcan0 284#8460742044E7F033
(1502935095.632961) vcan0 284#59CDD93CDF9E7060
(1502935095.643153) vcan0 284#31DB2D5DDB24E840
(1502935095.653332) vcan0 284#8CC837672321D213
(1502935095.663447) vcan0 284#1D6CAC59263A3E2D
(1502935095.673636) vcan0 284#1D14682E8669912E
(1502935095.683812) vcan0 284#7572BE56F9E14946
(1502935095.694001) vcan0 284#F6889A5CE2898346
(1502935095.704209) vcan0 284#CC98310D6F1C8673
(1502935095.714376) vcan0 284#96FE542315842143
(1502935095.724482) vcan0 284#A6ED9551052FFF7A
(1502935095.734674) vcan0 284#F2F2C96B3A21C67D
(1502935095.744821) vcan0 284#56AB9B0B590D9C23
(1502935095.754979) vcan0 284#59D8BD38973E1268
(1502935095.765197) vcan0 284#E16E561B221D0B1C
(1502935095.775343) vcan0 284#222DD67066CFCA3B
(1502935095.785453) vcan0 284#6604FC4F7BFAAF2D
(1502935095.795633) vcan0 284#456E3B1C97DF292D
(1502935095.805783) vcan0 284#571F986ED1367303
(1502935095.815893) vcan0 284#BA00FC40748B4448
(1502935095.826091) vcan0 284#F770B130D714646F
(1502935095.836230) vcan0 284#FAF4D5766CE36F07
(1502935095.846389) vcan0 284#D1F6AD35F07D7053
(1502935095.856606) vcan0 284#4E6DF34D9D8FDF42
(1502935095.866785) vcan0 284#5F9AF646E56B4871
(1502935095.876900) vcan0 284#B213010606888C18
(1502935095.887102) vcan0 284#EA9A476CA506CB71
(1502935095.897293) vcan0 284#40A952164046E377
(1502935095.907417) vcan0 284#FE1367159981104F
(1502935095.917611) vcan0 284#D784F55FDF82BD30
(1502935095.927754) vcan0 284#BB9E1B6BF9B1CB50
(1502935095.937862) vcan0 284#4552886C21A3173B
(1502935095.948055) vcan0 284#75AC7B7E8AC0C308
(1502935095.958199) vcan0 284#B9824168CCCB136D
(1502935095.968305) vcan0 284#5CF7360C73833D29
(1502935095.978500) vcan0 284#405758355368E83C
(1502935095.988646) vcan0 284#4B98A1183A4C2E2C
(1502935095.998824) vcan0 284#C04B58441C8F4F4E
(1502935096.009049) vcan0 284#2BCA9E7F0EB94B12
(1502935096.019191) vcan0 284#B91E2F118A649546
(1502935096.029300) vcan0 284#F32494036B323017
(1502935096.039495) vcan0 284#90EC215FDDBFDB6F
(1502935096.049680) vcan0 284#1039FB08D0957475
(1502935096.059798) vcan0 284#1E06BF670E4D621E
(1502935096.069978) vcan0 284#69178544F58AB447
(1502935096.080119) vcan0 284#EECF1F4F24B6A02F
(1502935096.090226) vcan0 284#EF3C80183322A83B
(1502935096.100424) vcan0 284#4659B86A64E9FB16
(1502935096.110571) vcan0 284#BEE26B44FFDBF952
(1502935096.120680) vcan0 284#30B50F041ADAA250
(1502935096.130885) vcan0 284#725F377C700C6839
(1502935096.141027) vcan0 284#6D428B0DBDF7D814
(1502935096.151244) vcan0 284#AA5896652D8EE351
(1502935096.161567) vcan0 284#D9862863D5223565
(1502935096.171861) vcan0 284#3C472F6492A55774
(1502935096.182036) vcan0 284#6087CA2B2F6CC367
(1502935096.192344) vcan0 284#FED7870BF073EC0A
(1502935096.202625) vcan0 284#0D2C9F570E118314
(1502935096.212804) vcan0 284#C10961002B325E3F
(1502935096.223127) vcan0 284#1D5EE5322A21E644
(1502935096.233431) vcan0 284#20BD12070B2E0502
(1502935096.243612) vcan0 284#4FD786740FFA921F
(1502935096.253925) vcan0 284#3E50AD3D95303F5F
(1502935096.264211) vcan0 284#73E38E36FC321902
(1502935096.274427) vcan0 284#940C3932A3989E3A
(1502935096.284724) vcan0 284#160DBC52066C702E
(1502935096.295006) vcan0 284#13A50674844F4760
(1502935096.305287) vcan0 284#C4634943BEFD9C59
(1502935096.315653) vcan0 284#B1DD2A329DEA7126
(1502935096.325939) vcan0 284#9320D23EED245A16
(1502935096.336111) vcan0 284#3090C91AF3A79C6A
(1502935096.346415) vcan0 284#1D911D7E2E685126
(1502935096.356705) vcan0 284#E41B89752ABDBC55
(1502935096.366878) vcan0 284#3C79D43AA525EA75
(1502935096.377183) vcan0 284#55EF1A1559D7B96D
(1502935096.387468) vcan0 284#CF46D03A75AC2D1C
(1502935096.397741) vcan0 284#6405BF6F1E1E572F
